<?xml version="1.0" encoding="UTF-8"?>
<!-- Generated by org.testng.reporters.JUnitReportReporter -->
<testsuite hostname="LAPTOP-QT2UH10T" failures="0" tests="1" name="cOVSERFOX_Test.CF_TC57_ValidatingPincodeErrorMassage" time="12.677" errors="0" timestamp="2024-01-09T11:23:38 IST" skipped="0">
  <testcase classname="cOVSERFOX_Test.CF_TC57_ValidatingPincodeErrorMassage" name="ValidateerrorMsg" time="12.677"/>
  <system-out>
    <![CDATA[Launching CoverFox
Clicking on Gender Button
Clicking on next Button
Reading Data from Excel
Handling AgeDropDown 
Clicking on next Button
Reading Data from Excel
Entering PinCode 
Reading Data from Excel
Entering MObile NO 
Clicking on Continue Button
Fetching No of Details from Text
Fetching No of Details from Banner
Tc is Passed
Closing Browser
Launching CoverFox
Clicking on Gender Button
Clicking on next Button
Reading Data from Excel
Handling AgeDropDown 
Clicking on next Button
Reading Data from Excel
Entering MObile NO 
Clicking on Continue Button
Closing Browser
Launching CoverFox
Clicking on Gender Button
Clicking on next Button
Reading Data from Excel
Handling AgeDropDown 
Clicking on next Button
Reading Data from Excel
Entering PinCode 
Reading Data from Excel
Entering MObile NO 
Clicking on Continue Button
Validating sortPlanElementPresency
Closing Browser]]>
  </system-out>
</testsuite> <!-- cOVSERFOX_Test.CF_TC57_ValidatingPincodeErrorMassage -->
